<?xml version="1.0" encoding="UTF-8"?>
<!-- Generated by org.testng.reporters.JUnitXMLReporter -->
<testsuite hostname="DESKTOP-D1STLU7" ignored="0" name="Command line test" tests="5" failures="4" timestamp="2020-03-26T15:14:46 IST" time="23.86" errors="0">
  <testcase name="testchrome" time="22.899" classname="cts.miniproject.test.TestSeleniumInChrome"/>
  <testcase name="TestATest" time="0.001" classname="Selenium.learningAttributesInTestNGTest">
    <failure type="java.lang.RuntimeException" message="Test not implemented">
      <![CDATA[java.lang.RuntimeException: Test not implemented
at Selenium.learningAttributesInTestNGTest.TestATest(learningAttributesInTestNGTest.java:10)
at java.util.ArrayList.forEach(ArrayList.java:1257)
... Removed 37 stack frames]]>
    </failure>
  </testcase> <!-- TestATest -->
  <testcase name="TestBTest" time="0.001" classname="Selenium.learningAttributesInTestNGTest">
    <failure type="java.lang.RuntimeException" message="Test not implemented">
      <![CDATA[java.lang.RuntimeException: Test not implemented
at Selenium.learningAttributesInTestNGTest.TestBTest(learningAttributesInTestNGTest.java:15)
at java.util.ArrayList.forEach(ArrayList.java:1257)
... Removed 37 stack frames]]>
    </failure>
  </testcase> <!-- TestBTest -->
  <testcase name="TestCTest" time="0.0" classname="Selenium.learningAttributesInTestNGTest">
    <failure type="java.lang.RuntimeException" message="Test not implemented">
      <![CDATA[java.lang.RuntimeException: Test not implemented
at Selenium.learningAttributesInTestNGTest.TestCTest(learningAttributesInTestNGTest.java:20)
at java.util.ArrayList.forEach(ArrayList.java:1257)
... Removed 37 stack frames]]>
    </failure>
  </testcase> <!-- TestCTest -->
  <testcase name="testconfig" time="0.001" classname="Selenium.TestSelenium">
    <failure type="java.io.FileNotFoundException" message=".\Configuration1\Config.property (The system cannot find the path specified)">
      <![CDATA[java.io.FileNotFoundException: .\Configuration1\Config.property (The system cannot find the path specified)
at java.io.FileInputStream.open0(Native Method)
at java.io.FileInputStream.open(FileInputStream.java:195)
at java.io.FileInputStream.<init>(FileInputStream.java:138)
at Selenium.TestSelenium.testconfig(TestSelenium.java:15)
at java.util.ArrayList.forEach(ArrayList.java:1257)
... Removed 37 stack frames]]>
    </failure>
  </testcase> <!-- testconfig -->
</testsuite> <!-- Command line test -->
